<?xml version="1.0" encoding="UTF-8"?>
<!-- Generated by org.testng.reporters.JUnitReportReporter -->
<testsuite hostname="LAPTOP-3LMAQE78" failures="0" tests="1" name="com.Opencart.TestcaseScript.LoginTests" time="0.000" errors="0" timestamp="2022-10-26T22:05:51 IST" skipped="1">
  <testcase classname="com.Opencart.TestcaseScript.LoginTests" name="validateLogin" time="0.000">
    <skipped/>
  </testcase> <!-- validateLogin -->
  <system-out/>
</testsuite> <!-- com.Opencart.TestcaseScript.LoginTests -->
