<?xml version="1.0" encoding="UTF-8"?>
<!-- Generated by org.testng.reporters.JUnitReportReporter -->
<testsuite hostname="LAPTOP-3LMAQE78" failures="0" tests="1" name="com.Opencart.Base.Base" time="0.007" errors="0" timestamp="2022-10-08T12:12:57 IST" skipped="0">
  <testcase classname="com.Opencart.Base.Base" name="loadConfiguration" time="0.007"/>
  <system-out/>
</testsuite> <!-- com.Opencart.Base.Base -->
