<?xml version="1.0" encoding="UTF-8"?>
<!-- Generated by org.testng.reporters.JUnitReportReporter -->
<testsuite hostname="LAPTOP-3LMAQE78" failures="0" tests="5" name="com.Opencart.TestcaseScript.RegistrationTests" time="28.320" errors="0" timestamp="2022-10-26T21:34:30 IST" skipped="0">
  <testcase classname="com.Opencart.TestcaseScript.RegistrationTests" name="createUsers" time="6.901"/>
  <system-out/>
  <testcase classname="com.Opencart.TestcaseScript.RegistrationTests" name="createUsers" time="5.276"/>
  <system-out/>
  <testcase classname="com.Opencart.TestcaseScript.RegistrationTests" name="createUsers" time="5.535"/>
  <system-out/>
  <testcase classname="com.Opencart.TestcaseScript.RegistrationTests" name="createUsers" time="5.380"/>
  <system-out/>
  <testcase classname="com.Opencart.TestcaseScript.RegistrationTests" name="createUsers" time="5.228"/>
  <system-out/>
</testsuite> <!-- com.Opencart.TestcaseScript.RegistrationTests -->
