<?xml version="1.0" encoding="UTF-8"?>
<!-- Generated by org.testng.reporters.JUnitReportReporter -->
<testsuite hostname="LAPTOP-3LMAQE78" failures="0" tests="1" name="com.Opencart.TestcaseScript.DummyClass" time="31.807" errors="0" timestamp="2022-11-03T14:55:26 IST" skipped="0">
  <testcase classname="com.Opencart.TestcaseScript.DummyClass" name="m1" time="31.807"/>
  <system-out/>
</testsuite> <!-- com.Opencart.TestcaseScript.DummyClass -->
