<?xml version="1.0" encoding="UTF-8"?>
<!-- Generated by org.testng.reporters.JUnitReportReporter -->
<testsuite hostname="LAPTOP-3LMAQE78" failures="0" tests="1" name="com.Opencart.TestcaseScript.Testing" time="1.234" errors="0" timestamp="2022-11-05T20:20:28 IST" skipped="0">
  <testcase classname="com.Opencart.TestcaseScript.Testing" name="test1" time="1.234"/>
  <system-out/>
</testsuite> <!-- com.Opencart.TestcaseScript.Testing -->
