<?xml version="1.0" encoding="UTF-8"?>
<!-- Generated by org.testng.reporters.JUnitReportReporter -->
<testsuite hostname="LAPTOP-3LMAQE78" failures="0" tests="1" name="com.Opencart.TestcaseScript.LogoutTests" time="6.075" errors="0" timestamp="2022-10-27T16:22:56 IST" skipped="0">
  <testcase classname="com.Opencart.TestcaseScript.LogoutTests" name="logout2" time="6.075"/>
  <system-out/>
</testsuite> <!-- com.Opencart.TestcaseScript.LogoutTests -->
